  Building 'FileHide' with toolset 'WindowsKernelModeDriver10.0' and the 'Desktop' target platform.
  Stamping x64\Release\FileHide.inf
  Stamping [Version] section with DriverVer=02/09/2024,15.56.1.759
C:\Users\dorge\source\repos\FileHide\FileHide\FileHide.inf : warning 1420: [DefaultInstall]-based INF cannot be processed as Primitive.
C:\Users\dorge\source\repos\FileHide\FileHide\FileHide.inf(25-25): warning 1421: Section [DefaultInstall] should have an architecture decoration.
C:\Users\dorge\source\repos\FileHide\FileHide\FileHide.inf(36-36): warning 1421: Section [DefaultUninstall] should have an architecture decoration.
C:\Users\dorge\source\repos\FileHide\FileHide\FileHide.inf(74-74): warning 1205: Section [MiniFilter.DriverFiles] referenced from DelFiles and CopyFiles directive.
  filenameinfo.cpp
  filters.cpp
  hide.cpp
C:\Users\dorge\source\repos\FileHide\FileHide\hide.cpp(88,10): warning C4101: 'matched': unreferenced local variable
C:\Users\dorge\source\repos\FileHide\FileHide\hide.cpp(171,10): warning C4101: 'matched': unreferenced local variable
C:\Users\dorge\source\repos\FileHide\FileHide\hide.cpp(253,10): warning C4101: 'matched': unreferenced local variable
C:\Users\dorge\source\repos\FileHide\FileHide\hide.cpp(335,10): warning C4101: 'matched': unreferenced local variable
C:\Users\dorge\source\repos\FileHide\FileHide\hide.cpp(416,10): warning C4101: 'matched': unreferenced local variable
  main.cpp
  mutex.cpp
  Generating Code...
  FileHide.vcxproj -> C:\Users\dorge\source\repos\FileHide\x64\Release\FileHide.sys
  Done Adding Additional Store
  Successfully signed: C:\Users\dorge\source\repos\FileHide\x64\Release\FileHide.sys
  
  .........................
  Signability test complete.
  
  Errors:
  None
  
  Warnings:
  None
  
  Catalog generation complete.
  C:\Users\dorge\source\repos\FileHide\x64\Release\FileHide\filehide.cat
  Done Adding Additional Store
  Successfully signed: C:\Users\dorge\source\repos\FileHide\x64\Release\FileHide\filehide.cat
  
